SUBTASK 2 --------------------------------------------------
In following proposals StableLab votes are opposing to whale account:
[ARFC] wstETH and weETH E-Modes and LT/LTV Adjustments on Ethereum, Arbitrum, Base (ID: 0x13f1266c75cb15b3d9ed7166b160f777a108e5662bf00b6f638c9116c30d1e79)
[ARFC] Adjust Risk Parameters for Aave V2 and V3 on Polygon (ID: 0x48cb2ca277c9cfa0855e8561878836eea182e45dea0e140c03786e533519c2dc)
[TEMP CHECK] Joint Incentive Program With Polygon (ID: 0x713989ad71340840fa1f52d6b19c00f001a967070c7a506696034f68774a1986)
[TEMP CHECK] Onboard Pendle PT tokens to Aave V3 Core Instance (ID: 0x857fea8a5adadd066965f3107f1578a3cce94ec59bf45f46565fa22cfaac9d67)
[ARFC] Onboard SCR to Aave V3 Scroll Instance (ID: 0xef7dfa4e96e5f6a7337648d2dd3882f7b10e969c9564c118a34ce99eccec9383)
[ARFC] Onboard FRAX to Aave v3 Lido Instance (ID: 0x4ee3ae8c9046a2b50eb1fcaa5266b86786923635d143dd5ed9e4acb898ec5fe5)
[TEMP CHECK]: Onboarding swBTC to Aave V3 Ethereum (ID: 0x68d281d9a9181b227a8016340333a183506d235798dc7dccfeaf6e1862f24e57)
[ARFC] Onboard artMETIS to Aave V3 on Metis Market  (ID: 0x8cba1da24f4128e1b8a404a92e295dcdbbaf50f8deb5d6d5aa47eefc15fd10c8)
[TEMP CHECK] Deploy Aave V3 on Mode  (ID: 0x4df68c8364adbc1b538e4aebd7875783f5b489d9656a7b171255338526c21e3e)
[TEMP CHECK] Add AERO to Base V3 *Reproposal (ID: 0x300e594559b42518cf9cad713d1cf7d0cfc1c75f080c8e39c45b846f08205e3e)
[ARFC] Onboard ggAVAX to Aave V3 on Avalanche  (ID: 0x791514e0cd8962d15eac228c7488a2d11a9678d7e10e87926e09001430d49520)
[TEMP CHECK] GHO Cross-Chain Rollout Plan - First Network (ID: 0xe297f39c7ccde33e5df0549ef2152c2f890f8c8e7ba77c28b63edbb0a624ce9e)
[ARFC] "Merit is Forever" Reward System Program Extension (ID: 0x6ad248c0f37e7abf9432f35316910ea274579a908bfb0957233828e1fc722d98)
[TEMP CHECK]  Onboard OpenBlock as Aave Risk Service Provider (ID: 0xfdd5f215f845ec1733f07997160864af31d6fb5347dc868684476ef42494f0b8)

SUBTASK 3 --------------------------------------------------
In following proposals StableLab voted against majority:
[TEMP CHECK] Joint Incentive Program With Polygon (ID: 0x713989ad71340840fa1f52d6b19c00f001a967070c7a506696034f68774a1986)
[ARFC] Onboard FRAX to Aave v3 Lido Instance (ID: 0x4ee3ae8c9046a2b50eb1fcaa5266b86786923635d143dd5ed9e4acb898ec5fe5)
[TEMP CHECK]: Onboarding swBTC to Aave V3 Ethereum (ID: 0x68d281d9a9181b227a8016340333a183506d235798dc7dccfeaf6e1862f24e57)
[TEMP CHECK] Onboard CDCETH to Aave V3 on Ethereum (ID: 0xb382cd4a1c8ebeafeaed3f5ba5c35804248e12afc7116f985f2f6d89c3efda48)
[ARFC] Onboard artMETIS to Aave V3 on Metis Market  (ID: 0x8cba1da24f4128e1b8a404a92e295dcdbbaf50f8deb5d6d5aa47eefc15fd10c8)
[TEMP CHECK] Deploy Aave V3 on Mode  (ID: 0x4df68c8364adbc1b538e4aebd7875783f5b489d9656a7b171255338526c21e3e)
[ARFC Addendum] Increase Supply and Borrow Caps for weETH (ID: 0x418eb093009f59a000c223f2455dc551983ec2a09f26e92f41be3640cce8f39c)
[ARFC] Onboard ggAVAX to Aave V3 on Avalanche  (ID: 0x791514e0cd8962d15eac228c7488a2d11a9678d7e10e87926e09001430d49520)
[TEMP CHECK] GHO Cross-Chain Rollout Plan - First Network (ID: 0xe297f39c7ccde33e5df0549ef2152c2f890f8c8e7ba77c28b63edbb0a624ce9e)
[TEMP CHECK] Onboard RSR to Aave v3  (ID: 0xb0dd3f4d1941a493b83ae31829e1996ba437cd22b07f09b442cb040e26f4146d)
